2016-07-25 15:27:09.927 [main] TRACE com.game.impl.service.GameService - Imp BOBBY now at point java.awt.Point[x=14,y=15]
2016-07-25 15:27:09.929 [main] TRACE com.game.impl.service.GameService - Imp ALEXANDER now at point java.awt.Point[x=32,y=15]
2016-07-25 15:27:09.929 [main] TRACE com.game.impl.service.GameService - HellDog JOEY now at point java.awt.Point[x=22,y=0]
2016-07-25 15:27:09.929 [main] TRACE com.game.impl.service.GameService - Gargoyle DAISY now at point java.awt.Point[x=52,y=15]
2016-07-25 15:27:09.929 [main] TRACE com.game.impl.service.GameService - HellDog MARTHA now at point java.awt.Point[x=-2,y=0]
2016-07-25 15:27:09.930 [main] TRACE com.game.impl.service.GameService - Troll FINLEY now at point java.awt.Point[x=68,y=0]
2016-07-25 15:27:09.930 [main] TRACE com.game.impl.service.GameService - HellDog REUBEN now at point java.awt.Point[x=24,y=0]
2016-07-25 15:27:09.930 [main] TRACE com.game.impl.service.GameService - Imp MASON now at point java.awt.Point[x=8,y=15]
2016-07-25 15:27:09.930 [main] TRACE com.game.impl.service.GameService - Troll ROSIE now at point java.awt.Point[x=91,y=0]
2016-07-25 15:27:09.930 [main] TRACE com.game.impl.service.GameService - Imp CALLUM now at point java.awt.Point[x=-1,y=15]
2016-07-25 15:27:09.930 [main] TRACE com.game.impl.service.GameService - HellDog VICTORIA now at point java.awt.Point[x=55,y=0]
2016-07-25 15:27:09.930 [main] TRACE com.game.impl.service.GameService - Gargoyle VICTORIA now at point java.awt.Point[x=92,y=15]
2016-07-25 15:27:09.930 [main] TRACE com.game.impl.service.GameService - Imp ALEXANDER now at point java.awt.Point[x=74,y=15]
2016-07-25 15:27:09.930 [main] TRACE com.game.impl.service.GameService - Imp ISAAC now at point java.awt.Point[x=28,y=15]
2016-07-25 15:27:09.930 [main] TRACE com.game.impl.service.GameService - HellDog MARTHA now at point java.awt.Point[x=-5,y=0]
2016-07-25 15:27:09.930 [main] TRACE com.game.impl.service.GameService - HellDog MOLLIE now at point java.awt.Point[x=30,y=0]
2016-07-25 15:27:09.930 [main] TRACE com.game.impl.service.GameService - HellDog ALICE now at point java.awt.Point[x=78,y=0]
2016-07-25 15:27:09.930 [main] TRACE com.game.impl.service.GameService - Imp GRACIE now at point java.awt.Point[x=36,y=15]
2016-07-25 15:27:09.930 [main] TRACE com.game.impl.service.GameService - Troll ALEXANDER now at point java.awt.Point[x=84,y=0]
2016-07-25 15:27:09.931 [main] TRACE com.game.impl.service.GameService - Gargoyle LACEY now at point java.awt.Point[x=76,y=15]
2016-07-25 15:27:09.931 [main] TRACE com.game.impl.service.GameService - HellDog MILLIE now at point java.awt.Point[x=89,y=0]
2016-07-25 15:27:09.931 [main] TRACE com.game.impl.service.GameService - Gargoyle ISABELLA now at point java.awt.Point[x=96,y=15]
2016-07-25 15:27:09.931 [main] TRACE com.game.impl.service.GameService - Imp EMILY now at point java.awt.Point[x=63,y=15]
2016-07-25 15:27:09.931 [main] TRACE com.game.impl.service.GameService - Gargoyle MATTHEW now at point java.awt.Point[x=54,y=15]
2016-07-25 15:27:09.931 [main] TRACE com.game.impl.service.GameService - Gargoyle MOLLIE now at point java.awt.Point[x=38,y=15]
2016-07-25 15:27:09.931 [main] TRACE com.game.impl.service.GameService - Gargoyle SARA now at point java.awt.Point[x=38,y=15]
2016-07-25 15:27:09.931 [main] TRACE com.game.impl.service.GameService - Imp EVIE now at point java.awt.Point[x=35,y=15]
2016-07-25 15:27:09.931 [main] TRACE com.game.impl.service.GameService - Troll HUGO now at point java.awt.Point[x=13,y=0]
2016-07-25 15:27:09.931 [main] TRACE com.game.impl.service.GameService - HellDog IMOGEN now at point java.awt.Point[x=68,y=0]
2016-07-25 15:27:09.931 [main] TRACE com.game.impl.service.GameService - Imp JUDE now at point java.awt.Point[x=74,y=15]
2016-07-25 15:27:09.932 [main] TRACE com.game.impl.service.GameService - Mage GRACIE now at point java.awt.Point[x=11,y=0]
2016-07-25 15:27:09.932 [main] TRACE com.game.impl.service.GameService - Mage FREDERICK now at point java.awt.Point[x=55,y=0]
2016-07-25 15:27:09.932 [main] TRACE com.game.impl.service.GameService - Warrior WILLIAM now at point java.awt.Point[x=23,y=0]
2016-07-25 15:27:09.932 [main] TRACE com.game.impl.service.GameService - Warrior ELLIOTT now at point java.awt.Point[x=73,y=0]
2016-07-25 15:27:09.932 [main] TRACE com.game.impl.service.GameService - Thief HARVEY now at point java.awt.Point[x=14,y=0]
2016-07-25 15:27:09.932 [main] TRACE com.game.impl.service.GameService - Thief AARON now at point java.awt.Point[x=92,y=0]
2016-07-25 15:27:09.932 [main] TRACE com.game.impl.service.GameService - Mage MIA now at point java.awt.Point[x=3,y=0]
2016-07-25 15:27:09.932 [main] TRACE com.game.impl.service.GameService - Mage LEXI now at point java.awt.Point[x=29,y=0]
2016-07-25 15:27:09.932 [main] TRACE com.game.impl.service.GameService - Mage MARYAM now at point java.awt.Point[x=70,y=0]
2016-07-25 15:27:09.932 [main] TRACE com.game.impl.service.GameService - Thief DYLAN now at point java.awt.Point[x=32,y=0]
2016-07-25 15:27:09.938 [main] TRACE com.game.impl.service.GameService - Imp BOBBY now at point java.awt.Point[x=14,y=15]
2016-07-25 15:27:09.938 [main] TRACE com.game.impl.service.GameService - Imp ALEXANDER now at point java.awt.Point[x=32,y=15]
2016-07-25 15:27:09.939 [main] TRACE com.game.impl.service.GameService - HellDog JOEY now at point java.awt.Point[x=22,y=0]
2016-07-25 15:27:09.939 [main] TRACE com.game.impl.service.GameService - Gargoyle DAISY now at point java.awt.Point[x=52,y=15]
2016-07-25 15:27:09.939 [main] TRACE com.game.impl.service.GameService - HellDog MARTHA now at point java.awt.Point[x=-2,y=0]
2016-07-25 15:27:09.939 [main] TRACE com.game.impl.service.GameService - Troll FINLEY now at point java.awt.Point[x=68,y=0]
2016-07-25 15:27:09.939 [main] TRACE com.game.impl.service.GameService - HellDog REUBEN now at point java.awt.Point[x=24,y=0]
2016-07-25 15:27:09.939 [main] TRACE com.game.impl.service.GameService - Imp MASON now at point java.awt.Point[x=8,y=15]
2016-07-25 15:27:09.939 [main] TRACE com.game.impl.service.GameService - Troll ROSIE now at point java.awt.Point[x=91,y=0]
2016-07-25 15:27:09.939 [main] TRACE com.game.impl.service.GameService - Imp CALLUM now at point java.awt.Point[x=-1,y=15]
2016-07-25 15:27:09.939 [main] TRACE com.game.impl.service.GameService - HellDog VICTORIA now at point java.awt.Point[x=55,y=0]
2016-07-25 15:27:09.939 [main] TRACE com.game.impl.service.GameService - Gargoyle VICTORIA now at point java.awt.Point[x=92,y=15]
2016-07-25 15:27:09.939 [main] TRACE com.game.impl.service.GameService - Imp ALEXANDER now at point java.awt.Point[x=74,y=15]
2016-07-25 15:27:09.939 [main] TRACE com.game.impl.service.GameService - Imp ISAAC now at point java.awt.Point[x=28,y=15]
2016-07-25 15:27:09.939 [main] TRACE com.game.impl.service.GameService - HellDog MARTHA now at point java.awt.Point[x=-5,y=0]
2016-07-25 15:27:09.939 [main] TRACE com.game.impl.service.GameService - HellDog MOLLIE now at point java.awt.Point[x=30,y=0]
2016-07-25 15:27:09.940 [main] TRACE com.game.impl.service.GameService - HellDog ALICE now at point java.awt.Point[x=78,y=0]
2016-07-25 15:27:09.940 [main] TRACE com.game.impl.service.GameService - Imp GRACIE now at point java.awt.Point[x=36,y=15]
2016-07-25 15:27:09.940 [main] TRACE com.game.impl.service.GameService - Troll ALEXANDER now at point java.awt.Point[x=84,y=0]
2016-07-25 15:27:09.940 [main] TRACE com.game.impl.service.GameService - Gargoyle LACEY now at point java.awt.Point[x=76,y=15]
2016-07-25 15:27:09.940 [main] TRACE com.game.impl.service.GameService - HellDog MILLIE now at point java.awt.Point[x=89,y=0]
2016-07-25 15:27:09.940 [main] TRACE com.game.impl.service.GameService - Gargoyle ISABELLA now at point java.awt.Point[x=101,y=15]
2016-07-25 15:27:09.940 [main] TRACE com.game.impl.service.GameService - Imp EMILY now at point java.awt.Point[x=63,y=15]
2016-07-25 15:27:09.940 [main] TRACE com.game.impl.service.GameService - Gargoyle MATTHEW now at point java.awt.Point[x=54,y=15]
2016-07-25 15:27:09.940 [main] TRACE com.game.impl.service.GameService - Gargoyle MOLLIE now at point java.awt.Point[x=38,y=15]
2016-07-25 15:27:09.940 [main] TRACE com.game.impl.service.GameService - Gargoyle SARA now at point java.awt.Point[x=38,y=15]
2016-07-25 15:27:09.941 [main] TRACE com.game.impl.service.GameService - Imp EVIE now at point java.awt.Point[x=35,y=15]
2016-07-25 15:27:09.941 [main] TRACE com.game.impl.service.GameService - Troll HUGO now at point java.awt.Point[x=13,y=0]
2016-07-25 15:27:09.941 [main] TRACE com.game.impl.service.GameService - HellDog IMOGEN now at point java.awt.Point[x=68,y=0]
2016-07-25 15:27:09.941 [main] TRACE com.game.impl.service.GameService - Imp JUDE now at point java.awt.Point[x=74,y=15]
2016-07-25 15:27:09.941 [main] TRACE com.game.impl.service.GameService - Mage GRACIE now at point java.awt.Point[x=11,y=0]
2016-07-25 15:27:09.941 [main] TRACE com.game.impl.service.GameService - Mage FREDERICK now at point java.awt.Point[x=55,y=0]
2016-07-25 15:27:09.941 [main] TRACE com.game.impl.service.GameService - Warrior WILLIAM now at point java.awt.Point[x=21,y=0]
2016-07-25 15:27:09.941 [main] TRACE com.game.impl.service.GameService - Warrior ELLIOTT now at point java.awt.Point[x=71,y=0]
2016-07-25 15:27:09.941 [main] TRACE com.game.impl.service.GameService - Thief HARVEY now at point java.awt.Point[x=19,y=0]
2016-07-25 15:27:09.941 [main] TRACE com.game.impl.service.GameService - Thief AARON now at point java.awt.Point[x=92,y=0]
2016-07-25 15:27:09.942 [main] TRACE com.game.impl.service.GameService - Mage MIA now at point java.awt.Point[x=0,y=0]
2016-07-25 15:27:09.942 [main] TRACE com.game.impl.service.GameService - Mage LEXI now at point java.awt.Point[x=26,y=0]
2016-07-25 15:27:09.942 [main] TRACE com.game.impl.service.GameService - Mage MARYAM now at point java.awt.Point[x=73,y=0]
2016-07-25 15:27:09.942 [main] TRACE com.game.impl.service.GameService - Thief DYLAN now at point java.awt.Point[x=27,y=0]
2016-07-25 15:27:09.942 [main] TRACE com.game.impl.service.GameService - Imp BOBBY now at point java.awt.Point[x=14,y=15]
2016-07-25 15:27:09.942 [main] TRACE com.game.impl.service.GameService - Imp ALEXANDER now at point java.awt.Point[x=32,y=15]
2016-07-25 15:27:09.942 [main] TRACE com.game.impl.service.GameService - HellDog JOEY now at point java.awt.Point[x=22,y=0]
2016-07-25 15:27:09.942 [main] TRACE com.game.impl.service.GameService - Gargoyle DAISY now at point java.awt.Point[x=52,y=15]
2016-07-25 15:27:09.942 [main] TRACE com.game.impl.service.GameService - HellDog MARTHA now at point java.awt.Point[x=-2,y=0]
2016-07-25 15:27:09.942 [main] TRACE com.game.impl.service.GameService - Troll FINLEY now at point java.awt.Point[x=68,y=0]
2016-07-25 15:27:09.943 [main] TRACE com.game.impl.service.GameService - HellDog REUBEN now at point java.awt.Point[x=24,y=0]
2016-07-25 15:27:09.943 [main] TRACE com.game.impl.service.GameService - Imp MASON now at point java.awt.Point[x=8,y=15]
2016-07-25 15:27:09.943 [main] TRACE com.game.impl.service.GameService - Troll ROSIE now at point java.awt.Point[x=91,y=0]
2016-07-25 15:27:09.943 [main] TRACE com.game.impl.service.GameService - Imp CALLUM now at point java.awt.Point[x=-1,y=15]
2016-07-25 15:27:09.943 [main] TRACE com.game.impl.service.GameService - HellDog VICTORIA now at point java.awt.Point[x=55,y=0]
2016-07-25 15:27:09.943 [main] TRACE com.game.impl.service.GameService - Gargoyle VICTORIA now at point java.awt.Point[x=92,y=15]
2016-07-25 15:27:09.943 [main] TRACE com.game.impl.service.GameService - Imp ALEXANDER now at point java.awt.Point[x=74,y=15]
2016-07-25 15:27:09.943 [main] TRACE com.game.impl.service.GameService - Imp ISAAC now at point java.awt.Point[x=28,y=15]
2016-07-25 15:27:09.943 [main] TRACE com.game.impl.service.GameService - HellDog MARTHA now at point java.awt.Point[x=-5,y=0]
2016-07-25 15:27:09.943 [main] TRACE com.game.impl.service.GameService - HellDog MOLLIE now at point java.awt.Point[x=30,y=0]
2016-07-25 15:27:09.943 [main] TRACE com.game.impl.service.GameService - HellDog ALICE now at point java.awt.Point[x=78,y=0]
2016-07-25 15:27:09.943 [main] TRACE com.game.impl.service.GameService - Imp GRACIE now at point java.awt.Point[x=36,y=15]
2016-07-25 15:27:09.943 [main] TRACE com.game.impl.service.GameService - Troll ALEXANDER now at point java.awt.Point[x=84,y=0]
2016-07-25 15:27:09.943 [main] TRACE com.game.impl.service.GameService - Gargoyle LACEY now at point java.awt.Point[x=76,y=15]
2016-07-25 15:27:09.944 [main] TRACE com.game.impl.service.GameService - HellDog MILLIE now at point java.awt.Point[x=89,y=0]
2016-07-25 15:27:09.944 [main] TRACE com.game.impl.service.GameService - Gargoyle ISABELLA now at point java.awt.Point[x=24,y=0]
2016-07-25 15:27:09.944 [main] TRACE com.game.impl.service.GameService - Imp EMILY now at point java.awt.Point[x=63,y=15]
2016-07-25 15:27:09.944 [main] TRACE com.game.impl.service.GameService - Gargoyle MATTHEW now at point java.awt.Point[x=54,y=15]
2016-07-25 15:27:09.944 [main] TRACE com.game.impl.service.GameService - Gargoyle MOLLIE now at point java.awt.Point[x=38,y=15]
2016-07-25 15:27:09.944 [main] TRACE com.game.impl.service.GameService - Gargoyle SARA now at point java.awt.Point[x=38,y=15]
2016-07-25 15:27:09.944 [main] TRACE com.game.impl.service.GameService - Imp EVIE now at point java.awt.Point[x=35,y=15]
2016-07-25 15:27:09.944 [main] TRACE com.game.impl.service.GameService - Troll HUGO now at point java.awt.Point[x=13,y=0]
2016-07-25 15:27:09.944 [main] TRACE com.game.impl.service.GameService - HellDog IMOGEN now at point java.awt.Point[x=68,y=0]
2016-07-25 15:27:09.944 [main] TRACE com.game.impl.service.GameService - Imp JUDE now at point java.awt.Point[x=74,y=15]
2016-07-25 15:27:09.944 [main] TRACE com.game.impl.service.GameService - Mage GRACIE now at point java.awt.Point[x=11,y=0]
2016-07-25 15:27:09.945 [main] TRACE com.game.impl.service.GameService - Mage FREDERICK now at point java.awt.Point[x=55,y=0]
2016-07-25 15:27:09.945 [main] TRACE com.game.impl.service.GameService - Warrior WILLIAM now at point java.awt.Point[x=23,y=0]
2016-07-25 15:27:09.945 [main] TRACE com.game.impl.service.GameService - Warrior ELLIOTT now at point java.awt.Point[x=73,y=0]
2016-07-25 15:27:09.945 [main] TRACE com.game.impl.service.GameService - Thief HARVEY now at point java.awt.Point[x=14,y=0]
2016-07-25 15:27:09.945 [main] TRACE com.game.impl.service.GameService - Thief AARON now at point java.awt.Point[x=92,y=0]
2016-07-25 15:27:09.945 [main] TRACE com.game.impl.service.GameService - Mage MIA now at point java.awt.Point[x=-3,y=0]
2016-07-25 15:27:09.945 [main] TRACE com.game.impl.service.GameService - Mage LEXI now at point java.awt.Point[x=23,y=0]
2016-07-25 15:27:09.945 [main] TRACE com.game.impl.service.GameService - Mage MARYAM now at point java.awt.Point[x=76,y=0]
2016-07-25 15:27:09.946 [main] TRACE com.game.impl.service.GameService - Thief DYLAN now at point java.awt.Point[x=32,y=0]
